  UnitTest1.cpp
    正在创建库 C:\Users\35342\Desktop\homework2\UnitTest1\x64\Debug\UnitTest1.lib 和对象 C:\Users\35342\Desktop\homework2\UnitTest1\x64\Debug\UnitTest1.exp
UnitTest1.obj : error LNK2019: 无法解析的外部符号 "class std::basic_string<char,struct std::char_traits<char>,class std::allocator<char> > __cdecl read_file(class std::basic_string<char,struct std::char_traits<char>,class std::allocator<char> > const &)" (?read_file@@YA?AV?$basic_string@DU?$char_traits@D@std@@V?$allocator@D@2@@std@@AEBV12@@Z)，函数 "public: __cdecl <lambda_53ac1a52b7c9562ee2f8e1512b5aeaf6>::operator()(void)const " (??R<lambda_53ac1a52b7c9562ee2f8e1512b5aeaf6>@@QEBA@XZ) 中引用了该符号
C:\Users\35342\Desktop\homework2\UnitTest1\x64\Debug\UnitTest1.dll : fatal error LNK1120: 1 个无法解析的外部命令
